Traceback (most recent call last):
  File "C:\Users\adnegrau\AppData\Local\Programs\Python\Python312\Lib\site-packages\jupyter_cache\executors\utils.py", line 58, in single_nb_execution
    executenb(
  File "C:\Users\adnegrau\AppData\Local\Programs\Python\Python312\Lib\site-packages\nbclient\client.py", line 1305, in execute
    return NotebookClient(nb=nb, resources=resources, km=km, **kwargs).execute()
           ^^^^^^^^^^^^^^^^^^^^^^^^^^^^^^^^^^^^^^^^^^^^^^^^^^^^^^^^^^^^^^^^^^^^^
  File "C:\Users\adnegrau\AppData\Local\Programs\Python\Python312\Lib\site-packages\jupyter_core\utils\__init__.py", line 165, in wrapped
    return loop.run_until_complete(inner)
           ^^^^^^^^^^^^^^^^^^^^^^^^^^^^^^
  File "C:\Users\adnegrau\AppData\Local\Programs\Python\Python312\Lib\asyncio\base_events.py", line 685, in run_until_complete
    return future.result()
           ^^^^^^^^^^^^^^^
  File "C:\Users\adnegrau\AppData\Local\Programs\Python\Python312\Lib\site-packages\nbclient\client.py", line 705, in async_execute
    await self.async_execute_cell(
  File "C:\Users\adnegrau\AppData\Local\Programs\Python\Python312\Lib\site-packages\nbclient\client.py", line 1058, in async_execute_cell
    await self._check_raise_for_error(cell, cell_index, exec_reply)
  File "C:\Users\adnegrau\AppData\Local\Programs\Python\Python312\Lib\site-packages\nbclient\client.py", line 914, in _check_raise_for_error
    raise CellExecutionError.from_cell_and_msg(cell, exec_reply_content)
nbclient.exceptions.CellExecutionError: An error occurred while executing the following cell:
------------------
import tqdm
import glob
from langchain_community.document_loaders import UnstructuredMarkdownLoader, UnstructuredFileLoader
from langchain.text_splitter import MarkdownTextSplitter, NLTKTextSplitter, RecursiveCharacterTextSplitter

# Code also https://github.com/microsoft/rag-openai/blob/438999a5470bef7946fa1c8714ed1090e1ed40c3/samples/searchEvaluation/customskills/utils/chunker/text_chunker.py
------------------


[1;31m---------------------------------------------------------------------------[0m
[1;31mModuleNotFoundError[0m                       Traceback (most recent call last)
Cell [1;32mIn[2], line 1[0m
[1;32m----> 1[0m [38;5;28;01mimport[39;00m [38;5;21;01mtqdm[39;00m
[0;32m      2[0m [38;5;28;01mimport[39;00m [38;5;21;01mglob[39;00m
[0;32m      3[0m [38;5;28;01mfrom[39;00m [38;5;21;01mlangchain_community[39;00m[38;5;21;01m.[39;00m[38;5;21;01mdocument_loaders[39;00m [38;5;28;01mimport[39;00m UnstructuredMarkdownLoader, UnstructuredFileLoader

[1;31mModuleNotFoundError[0m: No module named 'tqdm'

